	Exporter version: 4.6.1, Blender version: 2.78 (sub 0)
========= Conversion from Blender to Babylon.js =========
	Scene settings used:
		selected layers only:  false
		flat shading entire scene:  false
		inline textures:  false
		texture directory:  /run/user/1000/gvfs/sftp:host=hroch.spseol.cz,user=ivodan/home/students/ivodan/final/static/models/hand/for_export/
	Python World class constructor completed
	WARNING: No active camera has been assigned, or is not in a currently selected Blender layer
	WARNING: The following armature not visible in scene thus ignored: Armature
	processing begun of mesh:  male
		processing begun of Standard material:  Material.001
			Diffuse texture found "Kd"
				Image texture found, type:  diffuseTexture, mapped using: "UVMap"
	WARNING: Error encountered processing image file:  , Error:  [Errno 2] No such file or directory: '/run/user/1000/gvfs/sftp:host=hroch.spseol.cz,user=ivodan/home/students/ivodan/final/static/models/hand/for_export/mains_high_04.jpg'
========= An error was encountered =========
  File "/home/daniel/.config/blender/2.78/scripts/addons/io_export_babylon.py", line 330, in execute
    mesh = Mesh(object, scene, nextStartFace, forcedParent, nameID, self)
  File "/home/daniel/.config/blender/2.78/scripts/addons/io_export_babylon.py", line 914, in __init__
    matricesIndices.append(skeleton.get_index_of_bone(bone.name))
ERROR:  'NoneType' object has no attribute 'get_index_of_bone'
========= end of processing =========
elapsed time:  1 min, 43.1754 secs
