Exporter version: 5.2.0, Blender version: 2.78 (sub 0)
========= Conversion from Blender to Babylon.js =========
	Scene settings used:
		selected layers only:  false
		flat shading entire scene:  false
		inline textures:  false
		texture directory:  /run/user/1000/gvfs/sftp:host=hroch.spseol.cz,user=ivodan/home/students/ivodan/final/static/models/pickaxe/
	Python World class constructor completed
	WARNING: No active camera has been assigned, or is not in a currently selected Blender layer
	processing begun of mesh:  Cylinder.001
		processing begun of Standard material:  Material.001
			Diffuse texture found "Texture"
				Image texture found, type:  diffuseTexture, mapped using: "UVMap"
	WARNING: Error encountered processing image file:  , Error:  '/run/user/1000/gvfs/sftp:host=hroch.spseol.cz,user=ivodan/home/students/ivodan/final/static/models/pickaxe/Dirty_Steel_02_UV_H_CM_1.jpg' and '/run/user/1000/gvfs/sftp:host=hroch.spseol.cz,user=ivodan/home/students/ivodan/final/static/models/pickaxe/Dirty_Steel_02_UV_H_CM_1.jpg' are the same file
		processing begun of Standard material:  Material.002
			Diffuse texture found "Texture.001"
				Image texture found, type:  diffuseTexture, mapped using: "UVMap"
	WARNING: Error encountered processing image file:  , Error:  '/run/user/1000/gvfs/sftp:host=hroch.spseol.cz,user=ivodan/home/students/ivodan/final/static/models/pickaxe/TexturesCom_WoodRough0050_1_seamless_S.jpg' and '/run/user/1000/gvfs/sftp:host=hroch.spseol.cz,user=ivodan/home/students/ivodan/final/static/models/pickaxe/TexturesCom_WoodRough0050_1_seamless_S.jpg' are the same file
		processing begun of multimaterial:  pickaxe.Multimaterial#0
		num positions      :  395
		num normals        :  395
		num uvs            :  790
		num uvs2           :  0
		num colors         :  0
		num indices        :  1128
========= Writing of scene file started =========
========= Writing of scene file completed =========
========= end of processing =========
elapsed time:  0 min, 1.2068 secs
